Determining if the pthread_create exist failed with the following output:
Change Dir: /home/kadir/workspace/work/Dropbox/metu-ros-pkg/trunk/affordance_learning/al_ext_utils/tabletop_collision_map_processing/build/CMakeFiles/CMakeTmp

Run Build Command:/usr/bin/make "cmTryCompileExec3640425451/fast"
make[1]: Entering directory `/home/kadir/workspace/work/Dropbox/metu-ros-pkg/trunk/affordance_learning/al_ext_utils/tabletop_collision_map_processing/build/CMakeFiles/CMakeTmp'
/usr/bin/make -f CMakeFiles/cmTryCompileExec3640425451.dir/build.make CMakeFiles/cmTryCompileExec3640425451.dir/build
make[2]: Entering directory `/home/kadir/workspace/work/Dropbox/metu-ros-pkg/trunk/affordance_learning/al_ext_utils/tabletop_collision_map_processing/build/CMakeFiles/CMakeTmp'
/usr/bin/cmake -E cmake_progress_report /home/kadir/workspace/work/Dropbox/metu-ros-pkg/trunk/affordance_learning/al_ext_utils/tabletop_collision_map_processing/build/CMakeFiles/CMakeTmp/CMakeFiles 1
Building C object CMakeFiles/cmTryCompileExec3640425451.dir/CheckSymbolExists.c.o
/usr/bin/gcc    -o CMakeFiles/cmTryCompileExec3640425451.dir/CheckSymbolExists.c.o   -c /home/kadir/workspace/work/Dropbox/metu-ros-pkg/trunk/affordance_learning/al_ext_utils/tabletop_collision_map_processing/build/CMakeFiles/CMakeTmp/CheckSymbolExists.c
Linking C executable cmTryCompileExec3640425451
/usr/bin/cmake -E cmake_link_script CMakeFiles/cmTryCompileExec3640425451.dir/link.txt --verbose=1
/usr/bin/gcc         CMakeFiles/cmTryCompileExec3640425451.dir/CheckSymbolExists.c.o  -o cmTryCompileExec3640425451 -rdynamic 
CMakeFiles/cmTryCompileExec3640425451.dir/CheckSymbolExists.c.o: In function `main':
CheckSymbolExists.c:(.text+0x16): undefined reference to `pthread_create'
collect2: error: ld returned 1 exit status
make[2]: *** [cmTryCompileExec3640425451] Error 1
make[2]: Leaving directory `/home/kadir/workspace/work/Dropbox/metu-ros-pkg/trunk/affordance_learning/al_ext_utils/tabletop_collision_map_processing/build/CMakeFiles/CMakeTmp'
make[1]: *** [cmTryCompileExec3640425451/fast] Error 2
make[1]: Leaving directory `/home/kadir/workspace/work/Dropbox/metu-ros-pkg/trunk/affordance_learning/al_ext_utils/tabletop_collision_map_processing/build/CMakeFiles/CMakeTmp'

File /home/kadir/workspace/work/Dropbox/metu-ros-pkg/trunk/affordance_learning/al_ext_utils/tabletop_collision_map_processing/build/CMakeFiles/CMakeTmp/CheckSymbolExists.c:
/* */
#include <pthread.h>

int main(int argc, char** argv)
{
  (void)argv;
#ifndef pthread_create
  return ((int*)(&pthread_create))[argc];
#else
  (void)argc;
  return 0;
#endif
}

Determining if the function pthread_create exists in the pthreads failed with the following output:
Change Dir: /home/kadir/workspace/work/Dropbox/metu-ros-pkg/trunk/affordance_learning/al_ext_utils/tabletop_collision_map_processing/build/CMakeFiles/CMakeTmp

Run Build Command:/usr/bin/make "cmTryCompileExec2264885728/fast"
make[1]: Entering directory `/home/kadir/workspace/work/Dropbox/metu-ros-pkg/trunk/affordance_learning/al_ext_utils/tabletop_collision_map_processing/build/CMakeFiles/CMakeTmp'
/usr/bin/make -f CMakeFiles/cmTryCompileExec2264885728.dir/build.make CMakeFiles/cmTryCompileExec2264885728.dir/build
make[2]: Entering directory `/home/kadir/workspace/work/Dropbox/metu-ros-pkg/trunk/affordance_learning/al_ext_utils/tabletop_collision_map_processing/build/CMakeFiles/CMakeTmp'
/usr/bin/cmake -E cmake_progress_report /home/kadir/workspace/work/Dropbox/metu-ros-pkg/trunk/affordance_learning/al_ext_utils/tabletop_collision_map_processing/build/CMakeFiles/CMakeTmp/CMakeFiles 1
Building C object CMakeFiles/cmTryCompileExec2264885728.dir/CheckFunctionExists.c.o
/usr/bin/gcc   -DCHECK_FUNCTION_EXISTS=pthread_create   -o CMakeFiles/cmTryCompileExec2264885728.dir/CheckFunctionExists.c.o   -c /usr/share/cmake-2.8/Modules/CheckFunctionExists.c
Linking C executable cmTryCompileExec2264885728
/usr/bin/cmake -E cmake_link_script CMakeFiles/cmTryCompileExec2264885728.dir/link.txt --verbose=1
/usr/bin/gcc     -DCHECK_FUNCTION_EXISTS=pthread_create    CMakeFiles/cmTryCompileExec2264885728.dir/CheckFunctionExists.c.o  -o cmTryCompileExec2264885728 -rdynamic -lpthreads 
/usr/bin/ld: cannot find -lpthreads
collect2: error: ld returned 1 exit status
make[2]: *** [cmTryCompileExec2264885728] Error 1
make[2]: Leaving directory `/home/kadir/workspace/work/Dropbox/metu-ros-pkg/trunk/affordance_learning/al_ext_utils/tabletop_collision_map_processing/build/CMakeFiles/CMakeTmp'
make[1]: *** [cmTryCompileExec2264885728/fast] Error 2
make[1]: Leaving directory `/home/kadir/workspace/work/Dropbox/metu-ros-pkg/trunk/affordance_learning/al_ext_utils/tabletop_collision_map_processing/build/CMakeFiles/CMakeTmp'


