Determining if the pthread_create exist failed with the following output:
Change Dir: /home/kadir/workspace/work/Dropbox/metu-ros-pkg/trunk/affordance_learning/al_utils/build/CMakeFiles/CMakeTmp

Run Build Command:/usr/bin/make "cmTryCompileExec3821897521/fast"
make[1]: Entering directory `/home/kadir/workspace/work/Dropbox/metu-ros-pkg/trunk/affordance_learning/al_utils/build/CMakeFiles/CMakeTmp'
/usr/bin/make -f CMakeFiles/cmTryCompileExec3821897521.dir/build.make CMakeFiles/cmTryCompileExec3821897521.dir/build
make[2]: Entering directory `/home/kadir/workspace/work/Dropbox/metu-ros-pkg/trunk/affordance_learning/al_utils/build/CMakeFiles/CMakeTmp'
/usr/bin/cmake -E cmake_progress_report /home/kadir/workspace/work/Dropbox/metu-ros-pkg/trunk/affordance_learning/al_utils/build/CMakeFiles/CMakeTmp/CMakeFiles 1
Building C object CMakeFiles/cmTryCompileExec3821897521.dir/CheckSymbolExists.c.o
/usr/bin/gcc    -o CMakeFiles/cmTryCompileExec3821897521.dir/CheckSymbolExists.c.o   -c /home/kadir/workspace/work/Dropbox/metu-ros-pkg/trunk/affordance_learning/al_utils/build/CMakeFiles/CMakeTmp/CheckSymbolExists.c
Linking C executable cmTryCompileExec3821897521
/usr/bin/cmake -E cmake_link_script CMakeFiles/cmTryCompileExec3821897521.dir/link.txt --verbose=1
/usr/bin/gcc         CMakeFiles/cmTryCompileExec3821897521.dir/CheckSymbolExists.c.o  -o cmTryCompileExec3821897521 -rdynamic 
CMakeFiles/cmTryCompileExec3821897521.dir/CheckSymbolExists.c.o: In function `main':
CheckSymbolExists.c:(.text+0x16): undefined reference to `pthread_create'
collect2: error: ld returned 1 exit status
make[2]: *** [cmTryCompileExec3821897521] Error 1
make[2]: Leaving directory `/home/kadir/workspace/work/Dropbox/metu-ros-pkg/trunk/affordance_learning/al_utils/build/CMakeFiles/CMakeTmp'
make[1]: Leaving directory `/home/kadir/workspace/work/Dropbox/metu-ros-pkg/trunk/affordance_learning/al_utils/build/CMakeFiles/CMakeTmp'
make[1]: *** [cmTryCompileExec3821897521/fast] Error 2

File /home/kadir/workspace/work/Dropbox/metu-ros-pkg/trunk/affordance_learning/al_utils/build/CMakeFiles/CMakeTmp/CheckSymbolExists.c:
/* */
#include <pthread.h>

int main(int argc, char** argv)
{
  (void)argv;
#ifndef pthread_create
  return ((int*)(&pthread_create))[argc];
#else
  (void)argc;
  return 0;
#endif
}

Determining if the function pthread_create exists in the pthreads failed with the following output:
Change Dir: /home/kadir/workspace/work/Dropbox/metu-ros-pkg/trunk/affordance_learning/al_utils/build/CMakeFiles/CMakeTmp

Run Build Command:/usr/bin/make "cmTryCompileExec1941955671/fast"
make[1]: Entering directory `/home/kadir/workspace/work/Dropbox/metu-ros-pkg/trunk/affordance_learning/al_utils/build/CMakeFiles/CMakeTmp'
/usr/bin/make -f CMakeFiles/cmTryCompileExec1941955671.dir/build.make CMakeFiles/cmTryCompileExec1941955671.dir/build
make[2]: Entering directory `/home/kadir/workspace/work/Dropbox/metu-ros-pkg/trunk/affordance_learning/al_utils/build/CMakeFiles/CMakeTmp'
/usr/bin/cmake -E cmake_progress_report /home/kadir/workspace/work/Dropbox/metu-ros-pkg/trunk/affordance_learning/al_utils/build/CMakeFiles/CMakeTmp/CMakeFiles 1
Building C object CMakeFiles/cmTryCompileExec1941955671.dir/CheckFunctionExists.c.o
/usr/bin/gcc   -DCHECK_FUNCTION_EXISTS=pthread_create   -o CMakeFiles/cmTryCompileExec1941955671.dir/CheckFunctionExists.c.o   -c /usr/share/cmake-2.8/Modules/CheckFunctionExists.c
Linking C executable cmTryCompileExec1941955671
/usr/bin/cmake -E cmake_link_script CMakeFiles/cmTryCompileExec1941955671.dir/link.txt --verbose=1
/usr/bin/gcc     -DCHECK_FUNCTION_EXISTS=pthread_create    CMakeFiles/cmTryCompileExec1941955671.dir/CheckFunctionExists.c.o  -o cmTryCompileExec1941955671 -rdynamic -lpthreads 
/usr/bin/ld: cannot find -lpthreads
collect2: error: ld returned 1 exit status
make[2]: *** [cmTryCompileExec1941955671] Error 1
make[2]: Leaving directory `/home/kadir/workspace/work/Dropbox/metu-ros-pkg/trunk/affordance_learning/al_utils/build/CMakeFiles/CMakeTmp'
make[1]: *** [cmTryCompileExec1941955671/fast] Error 2
make[1]: Leaving directory `/home/kadir/workspace/work/Dropbox/metu-ros-pkg/trunk/affordance_learning/al_utils/build/CMakeFiles/CMakeTmp'


